This file contains any messages produced by compilers while
running configure, to aid debugging if configure makes a mistake.

It was created by Protocol Buffers configure 2.3.0, which was
generated by GNU Autoconf 2.61.  Invocation command line was

  $ ./configure 

## --------- ##
## Platform. ##
## --------- ##

hostname = SKY-20130409USK
uname -m = i686
uname -r = 1.7.18(0.263/5/3)
uname -s = CYGWIN_NT-6.1-WOW64
uname -v = 2013-04-19 10:39

/usr/bin/uname -p = unknown
/bin/uname -X     = unknown

/bin/arch              = i686
/usr/bin/arch -k       = unknown
/usr/convex/getsysinfo = unknown
/usr/bin/hostinfo      = unknown
/bin/machine           = unknown
/usr/bin/oslevel       = unknown
/bin/universe          = unknown

PATH: /cygdrive/e/android-dev/apache-ant-1.9.0/bin
PATH: /usr/local/bin
PATH: /usr/bin
PATH: /cygdrive/c/Python27/Lib/site-packages/PyQt4
PATH: /cygdrive/c/Windows/system32
PATH: /cygdrive/c/Windows
PATH: /cygdrive/c/Windows/System32/Wbem
PATH: /cygdrive/c/Windows/System32/WindowsPowerShell/v1.0
PATH: /cygdrive/c/Program Files/TortoiseSVN/bin
PATH: /cygdrive/d/android/adt-bundle-windows-x86_64/sdk/tools
PATH: /cygdrive/d/android/adt-bundle-windows-x86_64/sdk/platform-tools
PATH: /cygdrive/c/Program Files/Java/jdk1.7.0_21/bin
PATH: /cygdrive/c/Program Files/Java/jdk1.7.0_21/jre/bin
PATH: /cygdrive/e/android-dev/apache-ant-1.9.0/bin
PATH: /cygdrive/d/mongo-db/bin
PATH: /cygdrive/c/Python27
PATH: /cygdrive/d/protoc-2.3.0-win32
PATH: /usr/lib/lapack


## ----------- ##
## Core tests. ##
## ----------- ##

configure:2008: checking build system type
configure:2026: result: i686-pc-cygwin
configure:2048: checking host system type
configure:2063: result: i686-pc-cygwin
configure:2085: checking target system type
configure:2100: result: i686-pc-cygwin
configure:2144: checking for a BSD-compatible install
configure:2200: result: /usr/bin/install -c
configure:2211: checking whether build environment is sane
configure:2254: result: yes
configure:2282: checking for a thread-safe mkdir -p
configure:2321: result: /usr/bin/mkdir -p
configure:2334: checking for gawk
configure:2350: found /usr/bin/gawk
configure:2361: result: gawk
configure:2372: checking whether make sets $(MAKE)
configure:2393: result: yes
configure:2649: checking for gcc
configure:2665: found /usr/bin/gcc
configure:2676: result: gcc
configure:2914: checking for C compiler version
configure:2921: gcc --version >&5
gcc (GCC) 4.5.3
Copyright (C) 2010 Free Software Foundation, Inc.
This is free software; see the source for copying conditions.  There is NO
warranty; not even for MERCHANTABILITY or FITNESS FOR A PARTICULAR PURPOSE.

configure:2924: $? = 0
configure:2931: gcc -v >&5
Using built-in specs.
COLLECT_GCC=gcc
COLLECT_LTO_WRAPPER=/usr/lib/gcc/i686-pc-cygwin/4.5.3/lto-wrapper.exe
Target: i686-pc-cygwin
Configured with: /gnu/gcc/releases/respins/4.5.3-3/gcc4-4.5.3-3/src/gcc-4.5.3/configure --srcdir=/gnu/gcc/releases/respins/4.5.3-3/gcc4-4.5.3-3/src/gcc-4.5.3 --prefix=/usr --exec-prefix=/usr --bindir=/usr/bin --sbindir=/usr/sbin --libexecdir=/usr/lib --datadir=/usr/share --localstatedir=/var --sysconfdir=/etc --datarootdir=/usr/share --docdir=/usr/share/doc/gcc4 -C --datadir=/usr/share --infodir=/usr/share/info --mandir=/usr/share/man -v --with-gmp=/usr --with-mpfr=/usr --enable-bootstrap --enable-version-specific-runtime-libs --libexecdir=/usr/lib --enable-static --enable-shared --enable-shared-libgcc --disable-__cxa_atexit --with-gnu-ld --with-gnu-as --with-dwarf2 --disable-sjlj-exceptions --enable-languages=ada,c,c++,fortran,java,lto,objc,obj-c++ --enable-graphite --enable-lto --enable-java-awt=gtk --disable-symvers --enable-libjava --program-suffix=-4 --enable-libgomp --enable-libssp --enable-libada --enable-threads=posix --with-arch=i686 --with-tune=generic --enable-libgcj-sublibs CC=gcc-4 CXX=g++-4 CC_FOR_TARGET=gcc-4 CXX_FOR_TARGET=g++-4 GNATMAKE_FOR_TARGET=gnatmake GNATBIND_FOR_TARGET=gnatbind --with-ecj-jar=/usr/share/java/ecj.jar
Thread model: posix
gcc version 4.5.3 (GCC) 
configure:2934: $? = 0
configure:2941: gcc -V >&5
gcc: '-V' option must have argument
configure:2944: $? = 1
configure:2967: checking for C compiler default output file name
configure:2994: gcc    conftest.c  >&5
configure:2997: $? = 0
configure:3035: result: a.exe
configure:3052: checking whether the C compiler works
configure:3062: ./a.exe
configure:3065: $? = 0
configure:3082: result: yes
configure:3089: checking whether we are cross compiling
configure:3091: result: no
configure:3094: checking for suffix of executables
configure:3101: gcc -o conftest.exe    conftest.c  >&5
configure:3104: $? = 0
configure:3128: result: .exe
configure:3134: checking for suffix of object files
configure:3160: gcc -c   conftest.c >&5
configure:3163: $? = 0
configure:3186: result: o
configure:3190: checking whether we are using the GNU C compiler
configure:3219: gcc -c   conftest.c >&5
configure:3225: $? = 0
configure:3242: result: yes
configure:3247: checking whether gcc accepts -g
configure:3277: gcc -c -g  conftest.c >&5
configure:3283: $? = 0
configure:3382: result: yes
configure:3399: checking for gcc option to accept ISO C89
configure:3473: gcc  -c   conftest.c >&5
configure:3479: $? = 0
configure:3502: result: none needed
configure:3531: checking for style of include used by make
configure:3559: result: GNU
configure:3584: checking dependency style of gcc
configure:3675: result: gcc3
configure:3748: checking for g++
configure:3764: found /usr/bin/g++
configure:3775: result: g++
configure:3806: checking for C++ compiler version
configure:3813: g++ --version >&5
g++ (GCC) 4.5.3
Copyright (C) 2010 Free Software Foundation, Inc.
This is free software; see the source for copying conditions.  There is NO
warranty; not even for MERCHANTABILITY or FITNESS FOR A PARTICULAR PURPOSE.

configure:3816: $? = 0
configure:3823: g++ -v >&5
Using built-in specs.
COLLECT_GCC=g++
COLLECT_LTO_WRAPPER=/usr/lib/gcc/i686-pc-cygwin/4.5.3/lto-wrapper.exe
Target: i686-pc-cygwin
Configured with: /gnu/gcc/releases/respins/4.5.3-3/gcc4-4.5.3-3/src/gcc-4.5.3/configure --srcdir=/gnu/gcc/releases/respins/4.5.3-3/gcc4-4.5.3-3/src/gcc-4.5.3 --prefix=/usr --exec-prefix=/usr --bindir=/usr/bin --sbindir=/usr/sbin --libexecdir=/usr/lib --datadir=/usr/share --localstatedir=/var --sysconfdir=/etc --datarootdir=/usr/share --docdir=/usr/share/doc/gcc4 -C --datadir=/usr/share --infodir=/usr/share/info --mandir=/usr/share/man -v --with-gmp=/usr --with-mpfr=/usr --enable-bootstrap --enable-version-specific-runtime-libs --libexecdir=/usr/lib --enable-static --enable-shared --enable-shared-libgcc --disable-__cxa_atexit --with-gnu-ld --with-gnu-as --with-dwarf2 --disable-sjlj-exceptions --enable-languages=ada,c,c++,fortran,java,lto,objc,obj-c++ --enable-graphite --enable-lto --enable-java-awt=gtk --disable-symvers --enable-libjava --program-suffix=-4 --enable-libgomp --enable-libssp --enable-libada --enable-threads=posix --with-arch=i686 --with-tune=generic --enable-libgcj-sublibs CC=gcc-4 CXX=g++-4 CC_FOR_TARGET=gcc-4 CXX_FOR_TARGET=g++-4 GNATMAKE_FOR_TARGET=gnatmake GNATBIND_FOR_TARGET=gnatbind --with-ecj-jar=/usr/share/java/ecj.jar
Thread model: posix
gcc version 4.5.3 (GCC) 
configure:3826: $? = 0
configure:3833: g++ -V >&5
g++: '-V' option must have argument
configure:3836: $? = 1
configure:3839: checking whether we are using the GNU C++ compiler
configure:3868: g++ -c   conftest.cpp >&5
configure:3874: $? = 0
configure:3891: result: yes
configure:3896: checking whether g++ accepts -g
configure:3926: g++ -c -g  conftest.cpp >&5
configure:3932: $? = 0
configure:4031: result: yes
configure:4056: checking dependency style of g++
configure:4147: result: gcc3
configure:4180: checking how to run the C++ preprocessor
configure:4216: g++ -E  conftest.cpp
configure:4222: $? = 0
configure:4253: g++ -E  conftest.cpp
conftest.cpp:11:28: fatal error: ac_nonexistent.h: No such file or directory
compilation terminated.
configure:4259: $? = 1
configure: failed program was:
| /* confdefs.h.  */
| #define PACKAGE_NAME "Protocol Buffers"
| #define PACKAGE_TARNAME "protobuf"
| #define PACKAGE_VERSION "2.3.0"
| #define PACKAGE_STRING "Protocol Buffers 2.3.0"
| #define PACKAGE_BUGREPORT "protobuf@googlegroups.com"
| #define PACKAGE "protobuf"
| #define VERSION "2.3.0"
| #define _GNU_SOURCE 1
| /* end confdefs.h.  */
| #include <ac_nonexistent.h>
configure:4292: result: g++ -E
configure:4321: g++ -E  conftest.cpp
configure:4327: $? = 0
configure:4358: g++ -E  conftest.cpp
conftest.cpp:11:28: fatal error: ac_nonexistent.h: No such file or directory
compilation terminated.
configure:4364: $? = 1
configure: failed program was:
| /* confdefs.h.  */
| #define PACKAGE_NAME "Protocol Buffers"
| #define PACKAGE_TARNAME "protobuf"
| #define PACKAGE_VERSION "2.3.0"
| #define PACKAGE_STRING "Protocol Buffers 2.3.0"
| #define PACKAGE_BUGREPORT "protobuf@googlegroups.com"
| #define PACKAGE "protobuf"
| #define VERSION "2.3.0"
| #define _GNU_SOURCE 1
| /* end confdefs.h.  */
| #include <ac_nonexistent.h>
configure:4402: checking for grep that handles long lines and -e
configure:4476: result: /usr/bin/grep
configure:4481: checking for egrep
configure:4559: result: /usr/bin/grep -E
configure:4565: checking for AIX
configure:4587: result: no
configure:4593: checking for ANSI C header files
configure:4623: g++ -c   conftest.cpp >&5
configure:4629: $? = 0
configure:4728: g++ -o conftest.exe    conftest.cpp  >&5
configure:4731: $? = 0
configure:4737: ./conftest.exe
configure:4740: $? = 0
configure:4757: result: yes
configure:4781: checking for sys/types.h
configure:4802: g++ -c   conftest.cpp >&5
configure:4808: $? = 0
configure:4824: result: yes
configure:4781: checking for sys/stat.h
configure:4802: g++ -c   conftest.cpp >&5
configure:4808: $? = 0
configure:4824: result: yes
configure:4781: checking for stdlib.h
configure:4802: g++ -c   conftest.cpp >&5
configure:4808: $? = 0
configure:4824: result: yes
configure:4781: checking for string.h
configure:4802: g++ -c   conftest.cpp >&5
configure:4808: $? = 0
configure:4824: result: yes
configure:4781: checking for memory.h
configure:4802: g++ -c   conftest.cpp >&5
configure:4808: $? = 0
configure:4824: result: yes
configure:4781: checking for strings.h
configure:4802: g++ -c   conftest.cpp >&5
configure:4808: $? = 0
configure:4824: result: yes
configure:4781: checking for inttypes.h
configure:4802: g++ -c   conftest.cpp >&5
configure:4808: $? = 0
configure:4824: result: yes
configure:4781: checking for stdint.h
configure:4802: g++ -c   conftest.cpp >&5
configure:4808: $? = 0
configure:4824: result: yes
configure:4781: checking for unistd.h
configure:4802: g++ -c   conftest.cpp >&5
configure:4808: $? = 0
configure:4824: result: yes
configure:4846: checking minix/config.h usability
configure:4863: g++ -c   conftest.cpp >&5
conftest.cpp:54:26: fatal error: minix/config.h: No such file or directory
compilation terminated.
configure:4869: $? = 1
configure: failed program was:
| /* confdefs.h.  */
| #define PACKAGE_NAME "Protocol Buffers"
| #define PACKAGE_TARNAME "protobuf"
| #define PACKAGE_VERSION "2.3.0"
| #define PACKAGE_STRING "Protocol Buffers 2.3.0"
| #define PACKAGE_BUGREPORT "protobuf@googlegroups.com"
| #define PACKAGE "protobuf"
| #define VERSION "2.3.0"
| #define _GNU_SOURCE 1
| #define STDC_HEADERS 1
| #define HAVE_SYS_TYPES_H 1
| #define HAVE_SYS_STAT_H 1
| #define HAVE_STDLIB_H 1
| #define HAVE_STRING_H 1
| #define HAVE_MEMORY_H 1
| #define HAVE_STRINGS_H 1
| #define HAVE_INTTYPES_H 1
| #define HAVE_STDINT_H 1
| #define HAVE_UNISTD_H 1
| /* end confdefs.h.  */
| #include <stdio.h>
| #ifdef HAVE_SYS_TYPES_H
| # include <sys/types.h>
| #endif
| #ifdef HAVE_SYS_STAT_H
| # include <sys/stat.h>
| #endif
| #ifdef STDC_HEADERS
| # include <stdlib.h>
| # include <stddef.h>
| #else
| # ifdef HAVE_STDLIB_H
| #  include <stdlib.h>
| # endif
| #endif
| #ifdef HAVE_STRING_H
| # if !defined STDC_HEADERS && defined HAVE_MEMORY_H
| #  include <memory.h>
| # endif
| # include <string.h>
| #endif
| #ifdef HAVE_STRINGS_H
| # include <strings.h>
| #endif
| #ifdef HAVE_INTTYPES_H
| # include <inttypes.h>
| #endif
| #ifdef HAVE_STDINT_H
| # include <stdint.h>
| #endif
| #ifdef HAVE_UNISTD_H
| # include <unistd.h>
| #endif
| #include <minix/config.h>
configure:4883: result: no
configure:4887: checking minix/config.h presence
configure:4902: g++ -E  conftest.cpp
conftest.cpp:21:26: fatal error: minix/config.h: No such file or directory
compilation terminated.
configure:4908: $? = 1
configure: failed program was:
| /* confdefs.h.  */
| #define PACKAGE_NAME "Protocol Buffers"
| #define PACKAGE_TARNAME "protobuf"
| #define PACKAGE_VERSION "2.3.0"
| #define PACKAGE_STRING "Protocol Buffers 2.3.0"
| #define PACKAGE_BUGREPORT "protobuf@googlegroups.com"
| #define PACKAGE "protobuf"
| #define VERSION "2.3.0"
| #define _GNU_SOURCE 1
| #define STDC_HEADERS 1
| #define HAVE_SYS_TYPES_H 1
| #define HAVE_SYS_STAT_H 1
| #define HAVE_STDLIB_H 1
| #define HAVE_STRING_H 1
| #define HAVE_MEMORY_H 1
| #define HAVE_STRINGS_H 1
| #define HAVE_INTTYPES_H 1
| #define HAVE_STDINT_H 1
| #define HAVE_UNISTD_H 1
| /* end confdefs.h.  */
| #include <minix/config.h>
configure:4922: result: no
configure:4955: checking for minix/config.h
configure:4962: result: no
configure:5003: checking whether it is safe to define __EXTENSIONS__
configure:5031: g++ -c   conftest.cpp >&5
configure:5037: $? = 0
configure:5052: result: yes
configure:5080: checking C++ compiler flags...
configure:5097: result: use default: -O2  -g -DNDEBUG
configure:5118: checking whether __SUNPRO_CC is declared
configure:5147: g++ -c  -g -DNDEBUG  conftest.cpp >&5
conftest.cpp: In function 'int main()':
conftest.cpp:61:10: error: '__SUNPRO_CC' was not declared in this scope
configure:5153: $? = 1
configure: failed program was:
| /* confdefs.h.  */
| #define PACKAGE_NAME "Protocol Buffers"
| #define PACKAGE_TARNAME "protobuf"
| #define PACKAGE_VERSION "2.3.0"
| #define PACKAGE_STRING "Protocol Buffers 2.3.0"
| #define PACKAGE_BUGREPORT "protobuf@googlegroups.com"
| #define PACKAGE "protobuf"
| #define VERSION "2.3.0"
| #define _GNU_SOURCE 1
| #define STDC_HEADERS 1
| #define HAVE_SYS_TYPES_H 1
| #define HAVE_SYS_STAT_H 1
| #define HAVE_STDLIB_H 1
| #define HAVE_STRING_H 1
| #define HAVE_MEMORY_H 1
| #define HAVE_STRINGS_H 1
| #define HAVE_INTTYPES_H 1
| #define HAVE_STDINT_H 1
| #define HAVE_UNISTD_H 1
| #define __EXTENSIONS__ 1
| #define _POSIX_PTHREAD_SEMANTICS 1
| #define _TANDEM_SOURCE 1
| /* end confdefs.h.  */
| #include <stdio.h>
| #ifdef HAVE_SYS_TYPES_H
| # include <sys/types.h>
| #endif
| #ifdef HAVE_SYS_STAT_H
| # include <sys/stat.h>
| #endif
| #ifdef STDC_HEADERS
| # include <stdlib.h>
| # include <stddef.h>
| #else
| # ifdef HAVE_STDLIB_H
| #  include <stdlib.h>
| # endif
| #endif
| #ifdef HAVE_STRING_H
| # if !defined STDC_HEADERS && defined HAVE_MEMORY_H
| #  include <memory.h>
| # endif
| # include <string.h>
| #endif
| #ifdef HAVE_STRINGS_H
| # include <strings.h>
| #endif
| #ifdef HAVE_INTTYPES_H
| # include <inttypes.h>
| #endif
| #ifdef HAVE_STDINT_H
| # include <stdint.h>
| #endif
| #ifdef HAVE_UNISTD_H
| # include <unistd.h>
| #endif
| int
| main ()
| {
| #ifndef __SUNPRO_CC
|   (void) __SUNPRO_CC;
| #endif
| 
|   ;
|   return 0;
| }
configure:5168: result: no
configure:5328: checking for a sed that does not truncate output
configure:5407: result: /usr/bin/sed
configure:5425: checking for fgrep
configure:5503: result: /usr/bin/grep -F
configure:5538: checking for ld used by gcc
configure:5605: result: /usr/i686-pc-cygwin/bin/ld.exe
configure:5614: checking if the linker (/usr/i686-pc-cygwin/bin/ld.exe) is GNU ld
configure:5629: result: yes
configure:5641: checking for BSD- or MS-compatible name lister (nm)
configure:5690: result: /usr/bin/nm -B
configure:5812: checking the name lister (/usr/bin/nm -B) interface
configure:5819: g++ -c  -g -DNDEBUG  conftest.cpp >&5
configure:5822: /usr/bin/nm -B "conftest.o"
configure:5825: output
00000000 b .bss
00000000 d .data
00000000 N .debug_abbrev
00000000 N .debug_info
00000000 N .debug_line
00000000 N .debug_pubnames
00000000 t .text
00000000 B _some_variable
configure:5832: result: BSD nm
configure:5835: checking whether ln -s works
configure:5839: result: yes
configure:5847: checking the maximum length of command line arguments
configure:5967: result: 8192
configure:5984: checking whether the shell understands some XSI constructs
configure:5994: result: yes
configure:5998: checking whether the shell understands "+="
configure:6004: result: yes
configure:6039: checking for /usr/i686-pc-cygwin/bin/ld.exe option to reload object files
configure:6046: result: -r
configure:6073: checking how to recognize dependent libraries
configure:6263: result: file_magic ^x86 archive import|^x86 DLL
configure:6323: checking for ar
configure:6339: found /usr/bin/ar
configure:6350: result: ar
configure:6432: checking for strip
configure:6448: found /usr/bin/strip
configure:6459: result: strip
configure:6535: checking for ranlib
configure:6551: found /usr/bin/ranlib
configure:6562: result: ranlib
configure:6656: checking command to parse /usr/bin/nm -B output from gcc object
configure:6774: g++ -c  -g -DNDEBUG  conftest.cpp >&5
configure:6777: $? = 0
configure:6781: /usr/bin/nm -B conftest.o \| sed -n -e 's/^.*[	 ]\([ABCDGIRSTW][ABCDGIRSTW]*\)[	 ][	 ]*\([_A-Za-z][_A-Za-z0-9]*\)$/\1 \2 \2/p' \> conftest.nm
configure:6784: $? = 0
cannot find nm_test_var in conftest.nm
configure:6774: g++ -c  -g -DNDEBUG  conftest.cpp >&5
configure:6777: $? = 0
configure:6781: /usr/bin/nm -B conftest.o \| sed -n -e 's/^.*[	 ]\([ABCDGIRSTW][ABCDGIRSTW]*\)[	 ][	 ]*_\([_A-Za-z][_A-Za-z0-9]*\)$/\1 _\2 \2/p' \> conftest.nm
configure:6784: $? = 0
configure:6838: g++ -o conftest.exe  -g -DNDEBUG   conftest.cpp conftstm.o >&5
configure:6841: $? = 0
configure:6879: result: ok
configure:7757: checking for dlfcn.h
configure:7778: g++ -c  -g -DNDEBUG  conftest.cpp >&5
configure:7784: $? = 0
configure:7800: result: yes
configure:7929: checking for C++ compiler version
configure:7936: g++ --version >&5
g++ (GCC) 4.5.3
Copyright (C) 2010 Free Software Foundation, Inc.
This is free software; see the source for copying conditions.  There is NO
warranty; not even for MERCHANTABILITY or FITNESS FOR A PARTICULAR PURPOSE.

configure:7939: $? = 0
configure:7946: g++ -v >&5
Using built-in specs.
COLLECT_GCC=g++
COLLECT_LTO_WRAPPER=/usr/lib/gcc/i686-pc-cygwin/4.5.3/lto-wrapper.exe
Target: i686-pc-cygwin
Configured with: /gnu/gcc/releases/respins/4.5.3-3/gcc4-4.5.3-3/src/gcc-4.5.3/configure --srcdir=/gnu/gcc/releases/respins/4.5.3-3/gcc4-4.5.3-3/src/gcc-4.5.3 --prefix=/usr --exec-prefix=/usr --bindir=/usr/bin --sbindir=/usr/sbin --libexecdir=/usr/lib --datadir=/usr/share --localstatedir=/var --sysconfdir=/etc --datarootdir=/usr/share --docdir=/usr/share/doc/gcc4 -C --datadir=/usr/share --infodir=/usr/share/info --mandir=/usr/share/man -v --with-gmp=/usr --with-mpfr=/usr --enable-bootstrap --enable-version-specific-runtime-libs --libexecdir=/usr/lib --enable-static --enable-shared --enable-shared-libgcc --disable-__cxa_atexit --with-gnu-ld --with-gnu-as --with-dwarf2 --disable-sjlj-exceptions --enable-languages=ada,c,c++,fortran,java,lto,objc,obj-c++ --enable-graphite --enable-lto --enable-java-awt=gtk --disable-symvers --enable-libjava --program-suffix=-4 --enable-libgomp --enable-libssp --enable-libada --enable-threads=posix --with-arch=i686 --with-tune=generic --enable-libgcj-sublibs CC=gcc-4 CXX=g++-4 CC_FOR_TARGET=gcc-4 CXX_FOR_TARGET=g++-4 GNATMAKE_FOR_TARGET=gnatmake GNATBIND_FOR_TARGET=gnatbind --with-ecj-jar=/usr/share/java/ecj.jar
Thread model: posix
gcc version 4.5.3 (GCC) 
configure:7949: $? = 0
configure:7956: g++ -V >&5
g++: '-V' option must have argument
configure:7959: $? = 1
configure:7962: checking whether we are using the GNU C++ compiler
configure:8014: result: yes
configure:8019: checking whether g++ accepts -g
configure:8154: result: yes
configure:8179: checking dependency style of g++
configure:8270: result: gcc3
configure:8293: checking how to run the C++ preprocessor
configure:8405: result: g++ -E
configure:8434: g++ -E  conftest.cpp
configure:8440: $? = 0
configure:8471: g++ -E  conftest.cpp
conftest.cpp:25:28: fatal error: ac_nonexistent.h: No such file or directory
compilation terminated.
configure:8477: $? = 1
configure: failed program was:
| /* confdefs.h.  */
| #define PACKAGE_NAME "Protocol Buffers"
| #define PACKAGE_TARNAME "protobuf"
| #define PACKAGE_VERSION "2.3.0"
| #define PACKAGE_STRING "Protocol Buffers 2.3.0"
| #define PACKAGE_BUGREPORT "protobuf@googlegroups.com"
| #define PACKAGE "protobuf"
| #define VERSION "2.3.0"
| #define _GNU_SOURCE 1
| #define STDC_HEADERS 1
| #define HAVE_SYS_TYPES_H 1
| #define HAVE_SYS_STAT_H 1
| #define HAVE_STDLIB_H 1
| #define HAVE_STRING_H 1
| #define HAVE_MEMORY_H 1
| #define HAVE_STRINGS_H 1
| #define HAVE_INTTYPES_H 1
| #define HAVE_STDINT_H 1
| #define HAVE_UNISTD_H 1
| #define __EXTENSIONS__ 1
| #define _POSIX_PTHREAD_SEMANTICS 1
| #define _TANDEM_SOURCE 1
| #define HAVE_DLFCN_H 1
| /* end confdefs.h.  */
| #include <ac_nonexistent.h>
configure:8688: checking for objdir
configure:8703: result: .libs
configure:8999: checking if gcc supports -fno-rtti -fno-exceptions
configure:9017: gcc -c   -fno-rtti -fno-exceptions conftest.c >&5
cc1: warning: command line option "-fno-rtti" is valid for C++/ObjC++ but not for C
configure:9021: $? = 0
configure:9034: result: no
configure:9054: checking for gcc option to produce PIC
configure:9311: result: -DDLL_EXPORT -DPIC
configure:9323: checking if gcc PIC flag -DDLL_EXPORT -DPIC works
configure:9341: gcc -c   -DDLL_EXPORT -DPIC -DPIC conftest.c >&5
configure:9345: $? = 0
configure:9358: result: yes
configure:9382: checking if gcc static flag -static works
configure:9410: result: yes
configure:9425: checking if gcc supports -c -o file.o
configure:9446: gcc -c   -o out/conftest2.o conftest.c >&5
configure:9450: $? = 0
configure:9472: result: yes
configure:9480: checking if gcc supports -c -o file.o
configure:9527: result: yes
configure:9560: checking whether the gcc linker (/usr/i686-pc-cygwin/bin/ld.exe) supports shared libraries
configure:10614: result: yes
configure:10651: checking whether -lc should be explicitly linked in
configure:10656: gcc -c   conftest.c >&5
configure:10659: $? = 0
configure:10674: gcc -shared conftest.o  -v -o ./conftest -Wl,--enable-auto-image-base -Xlinker --out-implib -Xlinker conftest 2\>\&1 \| /usr/bin/grep  -lc  \>/dev/null 2\>\&1
configure:10677: $? = 1
configure:10689: result: yes
configure:10853: checking dynamic linker characteristics
configure:11532: result: Win32 ld.exe
configure:11634: checking how to hardcode library paths into programs
configure:11659: result: immediate
configure:12472: checking whether stripping libraries is possible
configure:12477: result: yes
configure:12512: checking if libtool supports shared libraries
configure:12514: result: yes
configure:12517: checking whether to build shared libraries
configure:12538: result: yes
configure:12541: checking whether to build static libraries
configure:12545: result: yes
configure:12695: checking for ld used by g++
configure:12762: result: /usr/i686-pc-cygwin/bin/ld.exe
configure:12771: checking if the linker (/usr/i686-pc-cygwin/bin/ld.exe) is GNU ld
configure:12786: result: yes
configure:12841: checking whether the g++ linker (/usr/i686-pc-cygwin/bin/ld.exe) supports shared libraries
configure:13803: result: yes
configure:13831: g++ -c  -g -DNDEBUG  conftest.cpp >&5
configure:13834: $? = 0
configure:14016: checking for g++ option to produce PIC
configure:14325: result: -DDLL_EXPORT -DPIC
configure:14334: checking if g++ PIC flag -DDLL_EXPORT -DPIC works
configure:14352: g++ -c  -g -DNDEBUG  -DDLL_EXPORT -DPIC -DPIC conftest.cpp >&5
configure:14356: $? = 0
configure:14369: result: yes
configure:14390: checking if g++ static flag -static works
configure:14418: result: yes
configure:14430: checking if g++ supports -c -o file.o
configure:14451: g++ -c  -g -DNDEBUG  -o out/conftest2.o conftest.cpp >&5
configure:14455: $? = 0
configure:14477: result: yes
configure:14482: checking if g++ supports -c -o file.o
configure:14529: result: yes
configure:14559: checking whether the g++ linker (/usr/i686-pc-cygwin/bin/ld.exe) supports shared libraries
configure:14585: result: yes
configure:14722: checking dynamic linker characteristics
configure:15349: result: Win32 ld.exe
configure:15400: checking how to hardcode library paths into programs
configure:15425: result: immediate
configure:15485: checking for ANSI C header files
configure:15649: result: yes
configure:15678: checking fcntl.h usability
configure:15695: g++ -c  -g -DNDEBUG  conftest.cpp >&5
configure:15701: $? = 0
configure:15715: result: yes
configure:15719: checking fcntl.h presence
configure:15734: g++ -E  conftest.cpp
configure:15740: $? = 0
configure:15754: result: yes
configure:15787: checking for fcntl.h
configure:15795: result: yes
configure:15668: checking for inttypes.h
configure:15674: result: yes
configure:15678: checking limits.h usability
configure:15695: g++ -c  -g -DNDEBUG  conftest.cpp >&5
configure:15701: $? = 0
configure:15715: result: yes
configure:15719: checking limits.h presence
configure:15734: g++ -E  conftest.cpp
configure:15740: $? = 0
configure:15754: result: yes
configure:15787: checking for limits.h
configure:15795: result: yes
configure:15668: checking for stdlib.h
configure:15674: result: yes
configure:15668: checking for unistd.h
configure:15674: result: yes
configure:15810: checking for working memcmp
configure:15863: g++ -o conftest.exe  -g -DNDEBUG   conftest.cpp  >&5
configure:15866: $? = 0
configure:15872: ./conftest.exe
configure:15875: $? = 0
configure:15891: result: yes
configure:15900: checking for working strtod
configure:15951: g++ -o conftest.exe  -g -DNDEBUG   conftest.cpp  >&5
conftest.cpp: In function 'int main()':
conftest.cpp:74:20: warning: deprecated conversion from string constant to 'char*'
conftest.cpp:85:20: warning: deprecated conversion from string constant to 'char*'
configure:15954: $? = 0
configure:15960: ./conftest.exe
configure:15963: $? = 0
configure:15979: result: yes
configure:16152: checking for ftruncate
configure:16208: g++ -o conftest.exe  -g -DNDEBUG   conftest.cpp  >&5
configure:16214: $? = 0
configure:16232: result: yes
configure:16152: checking for memset
configure:16208: g++ -o conftest.exe  -g -DNDEBUG   conftest.cpp  >&5
configure:16214: $? = 0
configure:16232: result: yes
configure:16152: checking for mkdir
configure:16208: g++ -o conftest.exe  -g -DNDEBUG   conftest.cpp  >&5
configure:16214: $? = 0
configure:16232: result: yes
configure:16152: checking for strchr
configure:16208: g++ -o conftest.exe  -g -DNDEBUG   conftest.cpp  >&5
configure:16214: $? = 0
configure:16232: result: yes
configure:16152: checking for strerror
configure:16208: g++ -o conftest.exe  -g -DNDEBUG   conftest.cpp  >&5
configure:16214: $? = 0
configure:16232: result: yes
configure:16152: checking for strtol
configure:16208: g++ -o conftest.exe  -g -DNDEBUG   conftest.cpp  >&5
configure:16214: $? = 0
configure:16232: result: yes
configure:16247: checking zlib version
configure:16277: g++ -c  -g -DNDEBUG  conftest.cpp >&5
configure:16283: $? = 0
configure:16289: result: ok (1.2.0.4 or later)
configure:16293: checking for library containing zlibVersion
configure:16334: g++ -o conftest.exe  -g -DNDEBUG   conftest.cpp  >&5
/tmp/ccok6IG3.o: In function `main':
/cygdrive/e/cocos2dx/cocos2d-x-2.1.4/cocos2d-x-2.1.4/protobuf/conftest.cpp:49: undefined reference to `_zlibVersion'
collect2: ld returned 1 exit status
configure:16340: $? = 1
configure: failed program was:
| /* confdefs.h.  */
| #define PACKAGE_NAME "Protocol Buffers"
| #define PACKAGE_TARNAME "protobuf"
| #define PACKAGE_VERSION "2.3.0"
| #define PACKAGE_STRING "Protocol Buffers 2.3.0"
| #define PACKAGE_BUGREPORT "protobuf@googlegroups.com"
| #define PACKAGE "protobuf"
| #define VERSION "2.3.0"
| #define _GNU_SOURCE 1
| #define STDC_HEADERS 1
| #define HAVE_SYS_TYPES_H 1
| #define HAVE_SYS_STAT_H 1
| #define HAVE_STDLIB_H 1
| #define HAVE_STRING_H 1
| #define HAVE_MEMORY_H 1
| #define HAVE_STRINGS_H 1
| #define HAVE_INTTYPES_H 1
| #define HAVE_STDINT_H 1
| #define HAVE_UNISTD_H 1
| #define __EXTENSIONS__ 1
| #define _POSIX_PTHREAD_SEMANTICS 1
| #define _TANDEM_SOURCE 1
| #define HAVE_DLFCN_H 1
| #define LT_OBJDIR ".libs/"
| #define STDC_HEADERS 1
| #define HAVE_FCNTL_H 1
| #define HAVE_INTTYPES_H 1
| #define HAVE_LIMITS_H 1
| #define HAVE_STDLIB_H 1
| #define HAVE_UNISTD_H 1
| #define HAVE_FTRUNCATE 1
| #define HAVE_MEMSET 1
| #define HAVE_MKDIR 1
| #define HAVE_STRCHR 1
| #define HAVE_STRERROR 1
| #define HAVE_STRTOL 1
| /* end confdefs.h.  */
| 
| /* Override any GCC internal prototype to avoid an error.
|    Use char because int might match the return type of a GCC
|    builtin and then its argument prototype would still apply.  */
| #ifdef __cplusplus
| extern "C"
| #endif
| char zlibVersion ();
| int
| main ()
| {
| return zlibVersion ();
|   ;
|   return 0;
| }
configure:16334: g++ -o conftest.exe  -g -DNDEBUG   conftest.cpp -lz   >&5
configure:16340: $? = 0
configure:16368: result: -lz
configure:16660: checking for the pthreads library -lpthreads
configure:16703: gcc -o conftest.exe     conftest.c -lpthreads -lz  >&5
/usr/lib/gcc/i686-pc-cygwin/4.5.3/../../../../i686-pc-cygwin/bin/ld: cannot find -lpthreads
collect2: ld returned 1 exit status
configure:16709: $? = 1
configure: failed program was:
| /* confdefs.h.  */
| #define PACKAGE_NAME "Protocol Buffers"
| #define PACKAGE_TARNAME "protobuf"
| #define PACKAGE_VERSION "2.3.0"
| #define PACKAGE_STRING "Protocol Buffers 2.3.0"
| #define PACKAGE_BUGREPORT "protobuf@googlegroups.com"
| #define PACKAGE "protobuf"
| #define VERSION "2.3.0"
| #define _GNU_SOURCE 1
| #define STDC_HEADERS 1
| #define HAVE_SYS_TYPES_H 1
| #define HAVE_SYS_STAT_H 1
| #define HAVE_STDLIB_H 1
| #define HAVE_STRING_H 1
| #define HAVE_MEMORY_H 1
| #define HAVE_STRINGS_H 1
| #define HAVE_INTTYPES_H 1
| #define HAVE_STDINT_H 1
| #define HAVE_UNISTD_H 1
| #define __EXTENSIONS__ 1
| #define _POSIX_PTHREAD_SEMANTICS 1
| #define _TANDEM_SOURCE 1
| #define HAVE_DLFCN_H 1
| #define LT_OBJDIR ".libs/"
| #define STDC_HEADERS 1
| #define HAVE_FCNTL_H 1
| #define HAVE_INTTYPES_H 1
| #define HAVE_LIMITS_H 1
| #define HAVE_STDLIB_H 1
| #define HAVE_UNISTD_H 1
| #define HAVE_FTRUNCATE 1
| #define HAVE_MEMSET 1
| #define HAVE_MKDIR 1
| #define HAVE_STRCHR 1
| #define HAVE_STRERROR 1
| #define HAVE_STRTOL 1
| #define HAVE_ZLIB 1
| /* end confdefs.h.  */
| #include <pthread.h>
| int
| main ()
| {
| pthread_t th; pthread_join(th, 0);
|                      pthread_attr_init(0); pthread_cleanup_push(0, 0);
|                      pthread_create(0,0,0,0); pthread_cleanup_pop(0);
|   ;
|   return 0;
| }
configure:16729: result: no
configure:16605: checking whether pthreads work without any flags
configure:16703: gcc -o conftest.exe     conftest.c  -lz  >&5
configure:16709: $? = 0
configure:16729: result: yes
configure:16748: checking for joinable pthread attribute
configure:16773: gcc -o conftest.exe     conftest.c  -lz  >&5
configure:16779: $? = 0
configure:16796: result: PTHREAD_CREATE_JOINABLE
configure:16806: checking if more special flags are required for pthreads
configure:16813: result: no
configure:16902: checking whether to check for GCC pthread/shared inconsistencies
configure:16925: gcc -o conftest.exe -shared -fPIC -Wl,-z,defs     conftest.c  -lz  >&5
conftest.c:1:0: warning: -fPIC ignored for target (all code is position independent)
/usr/lib/gcc/i686-pc-cygwin/4.5.3/../../../../i686-pc-cygwin/bin/ld: unrecognized option '-z'
/usr/lib/gcc/i686-pc-cygwin/4.5.3/../../../../i686-pc-cygwin/bin/ld: use the --help option for usage information
collect2: ld returned 1 exit status
configure:16931: $? = 1
configure: failed program was:
| /* confdefs.h.  */
| #define PACKAGE_NAME "Protocol Buffers"
| #define PACKAGE_TARNAME "protobuf"
| #define PACKAGE_VERSION "2.3.0"
| #define PACKAGE_STRING "Protocol Buffers 2.3.0"
| #define PACKAGE_BUGREPORT "protobuf@googlegroups.com"
| #define PACKAGE "protobuf"
| #define VERSION "2.3.0"
| #define _GNU_SOURCE 1
| #define STDC_HEADERS 1
| #define HAVE_SYS_TYPES_H 1
| #define HAVE_SYS_STAT_H 1
| #define HAVE_STDLIB_H 1
| #define HAVE_STRING_H 1
| #define HAVE_MEMORY_H 1
| #define HAVE_STRINGS_H 1
| #define HAVE_INTTYPES_H 1
| #define HAVE_STDINT_H 1
| #define HAVE_UNISTD_H 1
| #define __EXTENSIONS__ 1
| #define _POSIX_PTHREAD_SEMANTICS 1
| #define _TANDEM_SOURCE 1
| #define HAVE_DLFCN_H 1
| #define LT_OBJDIR ".libs/"
| #define STDC_HEADERS 1
| #define HAVE_FCNTL_H 1
| #define HAVE_INTTYPES_H 1
| #define HAVE_LIMITS_H 1
| #define HAVE_STDLIB_H 1
| #define HAVE_UNISTD_H 1
| #define HAVE_FTRUNCATE 1
| #define HAVE_MEMSET 1
| #define HAVE_MKDIR 1
| #define HAVE_STRCHR 1
| #define HAVE_STRERROR 1
| #define HAVE_STRTOL 1
| #define HAVE_ZLIB 1
| /* end confdefs.h.  */
| 
| int
| main ()
| {
| 
|   ;
|   return 0;
| }
configure:16949: result: no
configure:17179: checking the location of hash_map
configure:17223: g++ -c  -g -DNDEBUG  conftest.cpp >&5
configure:17229: $? = 0
configure:17287: result: <tr1/unordered_map>
configure:17456: creating ./config.status

## ---------------------- ##
## Running config.status. ##
## ---------------------- ##

This file was extended by Protocol Buffers config.status 2.3.0, which was
generated by GNU Autoconf 2.61.  Invocation command line was

  CONFIG_FILES    = 
  CONFIG_HEADERS  = 
  CONFIG_LINKS    = 
  CONFIG_COMMANDS = 
  $ ./config.status 

on SKY-20130409USK

config.status:948: creating Makefile
config.status:948: creating src/Makefile
config.status:948: creating protobuf.pc
config.status:948: creating protobuf-lite.pc
config.status:948: creating config.h
config.status:1248: executing depfiles commands
config.status:1248: executing libtool commands
configure:19970: === configuring in gtest (/cygdrive/e/cocos2dx/cocos2d-x-2.1.4/cocos2d-x-2.1.4/protobuf/gtest)
configure:20073: running /bin/sh ./configure '--prefix=/usr/local'  --cache-file=/dev/null --srcdir=.

## ---------------- ##
## Cache variables. ##
## ---------------- ##

ac_cv_build=i686-pc-cygwin
ac_cv_c_compiler_gnu=yes
ac_cv_cxx_compiler_gnu=yes
ac_cv_cxx_hash_map_class=unordered_map
ac_cv_cxx_hash_map_header='<tr1/unordered_map>'
ac_cv_cxx_hash_namespace=std::tr1
ac_cv_cxx_hash_set_class=unordered_set
ac_cv_cxx_hash_set_header='<tr1/unordered_set>'
ac_cv_env_CCC_set=
ac_cv_env_CCC_value=
ac_cv_env_CC_set=
ac_cv_env_CC_value=
ac_cv_env_CFLAGS_set=
ac_cv_env_CFLAGS_value=
ac_cv_env_CPPFLAGS_set=
ac_cv_env_CPPFLAGS_value=
ac_cv_env_CXXCPP_set=
ac_cv_env_CXXCPP_value=
ac_cv_env_CXXFLAGS_set=
ac_cv_env_CXXFLAGS_value=
ac_cv_env_CXX_set=
ac_cv_env_CXX_value=
ac_cv_env_LDFLAGS_set=
ac_cv_env_LDFLAGS_value=
ac_cv_env_LIBS_set=
ac_cv_env_LIBS_value=
ac_cv_env_build_alias_set=
ac_cv_env_build_alias_value=
ac_cv_env_host_alias_set=
ac_cv_env_host_alias_value=
ac_cv_env_target_alias_set=
ac_cv_env_target_alias_value=
ac_cv_exeext=.exe
ac_cv_func_ftruncate=yes
ac_cv_func_memcmp_working=yes
ac_cv_func_memset=yes
ac_cv_func_mkdir=yes
ac_cv_func_strchr=yes
ac_cv_func_strerror=yes
ac_cv_func_strtod=yes
ac_cv_func_strtol=yes
ac_cv_have_decl___SUNPRO_CC=no
ac_cv_header_dlfcn_h=yes
ac_cv_header_fcntl_h=yes
ac_cv_header_inttypes_h=yes
ac_cv_header_limits_h=yes
ac_cv_header_memory_h=yes
ac_cv_header_minix_config_h=no
ac_cv_header_stdc=yes
ac_cv_header_stdint_h=yes
ac_cv_header_stdlib_h=yes
ac_cv_header_string_h=yes
ac_cv_header_strings_h=yes
ac_cv_header_sys_stat_h=yes
ac_cv_header_sys_types_h=yes
ac_cv_header_unistd_h=yes
ac_cv_host=i686-pc-cygwin
ac_cv_objext=o
ac_cv_path_EGREP='/usr/bin/grep -E'
ac_cv_path_FGREP='/usr/bin/grep -F'
ac_cv_path_GREP=/usr/bin/grep
ac_cv_path_SED=/usr/bin/sed
ac_cv_path_install='/usr/bin/install -c'
ac_cv_path_mkdir=/usr/bin/mkdir
ac_cv_prog_AWK=gawk
ac_cv_prog_CXXCPP='g++ -E'
ac_cv_prog_ac_ct_AR=ar
ac_cv_prog_ac_ct_CC=gcc
ac_cv_prog_ac_ct_CXX=g++
ac_cv_prog_ac_ct_RANLIB=ranlib
ac_cv_prog_ac_ct_STRIP=strip
ac_cv_prog_cc_c89=
ac_cv_prog_cc_g=yes
ac_cv_prog_cxx_g=yes
ac_cv_prog_make_make_set=yes
ac_cv_safe_to_define___extensions__=yes
ac_cv_search_zlibVersion=-lz
ac_cv_target=i686-pc-cygwin
am_cv_CC_dependencies_compiler_type=gcc3
am_cv_CXX_dependencies_compiler_type=gcc3
lt_cv_deplibs_check_method='file_magic ^x86 archive import|^x86 DLL'
lt_cv_file_magic_cmd=func_win32_libid
lt_cv_file_magic_test_file=
lt_cv_ld_reload_flag=-r
lt_cv_nm_interface='BSD nm'
lt_cv_objdir=.libs
lt_cv_path_LD=/usr/i686-pc-cygwin/bin/ld.exe
lt_cv_path_LDCXX=/usr/i686-pc-cygwin/bin/ld.exe
lt_cv_path_NM='/usr/bin/nm -B'
lt_cv_prog_compiler_c_o=yes
lt_cv_prog_compiler_c_o_CXX=yes
lt_cv_prog_compiler_pic_works=yes
lt_cv_prog_compiler_pic_works_CXX=yes
lt_cv_prog_compiler_rtti_exceptions=no
lt_cv_prog_compiler_static_works=yes
lt_cv_prog_compiler_static_works_CXX=yes
lt_cv_prog_gnu_ld=yes
lt_cv_prog_gnu_ldcxx=yes
lt_cv_sys_global_symbol_pipe='sed -n -e '\''s/^.*[	 ]\([ABCDGIRSTW][ABCDGIRSTW]*\)[	 ][	 ]*_\([_A-Za-z][_A-Za-z0-9]*\)$/\1 _\2 \2/p'\'''
lt_cv_sys_global_symbol_to_c_name_address='sed -n -e '\''s/^: \([^ ]*\) $/  {\"\1\", (void *) 0},/p'\'' -e '\''s/^[ABCDGIRSTW]* \([^ ]*\) \([^ ]*\)$/  {"\2", (void *) \&\2},/p'\'''
lt_cv_sys_global_symbol_to_c_name_address_lib_prefix='sed -n -e '\''s/^: \([^ ]*\) $/  {\"\1\", (void *) 0},/p'\'' -e '\''s/^[ABCDGIRSTW]* \([^ ]*\) \(lib[^ ]*\)$/  {"\2", (void *) \&\2},/p'\'' -e '\''s/^[ABCDGIRSTW]* \([^ ]*\) \([^ ]*\)$/  {"lib\2", (void *) \&\2},/p'\'''
lt_cv_sys_global_symbol_to_cdecl='sed -n -e '\''s/^T .* \(.*\)$/extern int \1();/p'\'' -e '\''s/^[ABCDGIRSTW]* .* \(.*\)$/extern char \1;/p'\'''
lt_cv_sys_max_cmd_len=8192

## ----------------- ##
## Output variables. ##
## ----------------- ##

ACLOCAL='${SHELL} /cygdrive/e/cocos2dx/cocos2d-x-2.1.4/cocos2d-x-2.1.4/protobuf/missing --run aclocal-1.10'
AMDEPBACKSLASH='\'
AMDEP_FALSE='#'
AMDEP_TRUE=''
AMTAR='${SHELL} /cygdrive/e/cocos2dx/cocos2d-x-2.1.4/cocos2d-x-2.1.4/protobuf/missing --run tar'
AR='ar'
AUTOCONF='${SHELL} /cygdrive/e/cocos2dx/cocos2d-x-2.1.4/cocos2d-x-2.1.4/protobuf/missing --run autoconf'
AUTOHEADER='${SHELL} /cygdrive/e/cocos2dx/cocos2d-x-2.1.4/cocos2d-x-2.1.4/protobuf/missing --run autoheader'
AUTOMAKE='${SHELL} /cygdrive/e/cocos2dx/cocos2d-x-2.1.4/cocos2d-x-2.1.4/protobuf/missing --run automake-1.10'
AWK='gawk'
CC='gcc'
CCDEPMODE='depmode=gcc3'
CFLAGS=''
CPPFLAGS=''
CXX='g++'
CXXCPP='g++ -E'
CXXDEPMODE='depmode=gcc3'
CXXFLAGS=' -g -DNDEBUG'
CYGPATH_W='cygpath -w'
DEFS='-DHAVE_CONFIG_H'
DEPDIR='.deps'
DSYMUTIL=''
DUMPBIN=''
ECHO_C=''
ECHO_N='-n'
ECHO_T=''
EGREP='/usr/bin/grep -E'
EXEEXT='.exe'
FGREP='/usr/bin/grep -F'
GCC_FALSE='#'
GCC_TRUE=''
GREP='/usr/bin/grep'
HAVE_ZLIB_FALSE='#'
HAVE_ZLIB_TRUE=''
INSTALL_DATA='${INSTALL} -m 644'
INSTALL_PROGRAM='${INSTALL}'
INSTALL_SCRIPT='${INSTALL}'
INSTALL_STRIP_PROGRAM='$(install_sh) -c -s'
ISAINFO=''
LD='/usr/i686-pc-cygwin/bin/ld.exe'
LDFLAGS=''
LIBOBJS=''
LIBS='-lz '
LIBTOOL='$(SHELL) $(top_builddir)/libtool'
LIPO=''
LN_S='ln -s'
LTLIBOBJS=''
MAKEINFO='${SHELL} /cygdrive/e/cocos2dx/cocos2d-x-2.1.4/cocos2d-x-2.1.4/protobuf/missing --run makeinfo'
NM='/usr/bin/nm -B'
NMEDIT=''
OBJEXT='o'
OTOOL64=''
OTOOL=''
PACKAGE='protobuf'
PACKAGE_BUGREPORT='protobuf@googlegroups.com'
PACKAGE_NAME='Protocol Buffers'
PACKAGE_STRING='Protocol Buffers 2.3.0'
PACKAGE_TARNAME='protobuf'
PACKAGE_VERSION='2.3.0'
PATH_SEPARATOR=':'
POW_LIB=''
PROTOBUF_OPT_FLAG='-O2'
PROTOC=''
PTHREAD_CC='gcc'
PTHREAD_CFLAGS=''
PTHREAD_LIBS=''
RANLIB='ranlib'
SED='/usr/bin/sed'
SET_MAKE=''
SHELL='/bin/sh'
STRIP='strip'
USE_EXTERNAL_PROTOC_FALSE=''
USE_EXTERNAL_PROTOC_TRUE='#'
VERSION='2.3.0'
ac_ct_CC='gcc'
ac_ct_CXX='g++'
ac_ct_DUMPBIN=''
acx_pthread_config=''
am__fastdepCC_FALSE='#'
am__fastdepCC_TRUE=''
am__fastdepCXX_FALSE='#'
am__fastdepCXX_TRUE=''
am__include='include'
am__isrc=''
am__leading_dot='.'
am__quote=''
am__tar='${AMTAR} chof - "$$tardir"'
am__untar='${AMTAR} xf -'
bindir='${exec_prefix}/bin'
build='i686-pc-cygwin'
build_alias=''
build_cpu='i686'
build_os='cygwin'
build_vendor='pc'
datadir='${datarootdir}'
datarootdir='${prefix}/share'
docdir='${datarootdir}/doc/${PACKAGE_TARNAME}'
dvidir='${docdir}'
exec_prefix='${prefix}'
host='i686-pc-cygwin'
host_alias=''
host_cpu='i686'
host_os='cygwin'
host_vendor='pc'
htmldir='${docdir}'
includedir='${prefix}/include'
infodir='${datarootdir}/info'
install_sh='$(SHELL) /cygdrive/e/cocos2dx/cocos2d-x-2.1.4/cocos2d-x-2.1.4/protobuf/install-sh'
libdir='${exec_prefix}/lib'
libexecdir='${exec_prefix}/libexec'
localedir='${datarootdir}/locale'
localstatedir='${prefix}/var'
lt_ECHO='echo'
mandir='${datarootdir}/man'
mkdir_p='/usr/bin/mkdir -p'
oldincludedir='/usr/include'
pdfdir='${docdir}'
prefix='/usr/local'
program_transform_name='s,x,x,'
psdir='${docdir}'
sbindir='${exec_prefix}/sbin'
sharedstatedir='${prefix}/com'
subdirs=' gtest'
sysconfdir='${prefix}/etc'
target='i686-pc-cygwin'
target_alias=''
target_cpu='i686'
target_os='cygwin'
target_vendor='pc'

## ----------- ##
## confdefs.h. ##
## ----------- ##

#define PACKAGE_NAME "Protocol Buffers"
#define PACKAGE_TARNAME "protobuf"
#define PACKAGE_VERSION "2.3.0"
#define PACKAGE_STRING "Protocol Buffers 2.3.0"
#define PACKAGE_BUGREPORT "protobuf@googlegroups.com"
#define PACKAGE "protobuf"
#define VERSION "2.3.0"
#define _GNU_SOURCE 1
#define STDC_HEADERS 1
#define HAVE_SYS_TYPES_H 1
#define HAVE_SYS_STAT_H 1
#define HAVE_STDLIB_H 1
#define HAVE_STRING_H 1
#define HAVE_MEMORY_H 1
#define HAVE_STRINGS_H 1
#define HAVE_INTTYPES_H 1
#define HAVE_STDINT_H 1
#define HAVE_UNISTD_H 1
#define __EXTENSIONS__ 1
#define _POSIX_PTHREAD_SEMANTICS 1
#define _TANDEM_SOURCE 1
#define HAVE_DLFCN_H 1
#define LT_OBJDIR ".libs/"
#define STDC_HEADERS 1
#define HAVE_FCNTL_H 1
#define HAVE_INTTYPES_H 1
#define HAVE_LIMITS_H 1
#define HAVE_STDLIB_H 1
#define HAVE_UNISTD_H 1
#define HAVE_FTRUNCATE 1
#define HAVE_MEMSET 1
#define HAVE_MKDIR 1
#define HAVE_STRCHR 1
#define HAVE_STRERROR 1
#define HAVE_STRTOL 1
#define HAVE_ZLIB 1
#define HAVE_PTHREAD 1
#define HAVE_HASH_MAP 1
#define HAVE_HASH_SET 1
#define HASH_MAP_H <tr1/unordered_map>
#define HASH_SET_H <tr1/unordered_set>
#define HASH_MAP_CLASS unordered_map
#define HASH_SET_CLASS unordered_set
#define HASH_NAMESPACE std::tr1

configure: exit 0
