D:\workspace\houtai\houtai\tools\rpc_client_for_win\cl.command.1.tlog
D:\workspace\houtai\houtai\tools\rpc_client_for_win\CL.read.1.tlog
D:\workspace\houtai\houtai\tools\rpc_client_for_win\CL.write.1.tlog
D:\WORKSPACE\HOUTAI\HOUTAI\TOOLS\RPC_CLIENT_FOR_WIN\CODED_STREAM.OBJ
D:\WORKSPACE\HOUTAI\HOUTAI\TOOLS\RPC_CLIENT_FOR_WIN\COMMON.OBJ
D:\WORKSPACE\HOUTAI\HOUTAI\TOOLS\RPC_CLIENT_FOR_WIN\DESCRIPTOR.OBJ
D:\WORKSPACE\HOUTAI\HOUTAI\TOOLS\RPC_CLIENT_FOR_WIN\DESCRIPTOR.PB.OBJ
D:\WORKSPACE\HOUTAI\HOUTAI\TOOLS\RPC_CLIENT_FOR_WIN\DESCRIPTOR_DATABASE.OBJ
D:\WORKSPACE\HOUTAI\HOUTAI\TOOLS\RPC_CLIENT_FOR_WIN\DYNAMIC_MESSAGE.OBJ
D:\WORKSPACE\HOUTAI\HOUTAI\TOOLS\RPC_CLIENT_FOR_WIN\EXTENSION_SET.OBJ
D:\WORKSPACE\HOUTAI\HOUTAI\TOOLS\RPC_CLIENT_FOR_WIN\EXTENSION_SET_HEAVY.OBJ
D:\WORKSPACE\HOUTAI\HOUTAI\TOOLS\RPC_CLIENT_FOR_WIN\GENERATED_MESSAGE_REFLECTION.OBJ
D:\WORKSPACE\HOUTAI\HOUTAI\TOOLS\RPC_CLIENT_FOR_WIN\GENERATED_MESSAGE_UTIL.OBJ
D:\WORKSPACE\HOUTAI\HOUTAI\TOOLS\RPC_CLIENT_FOR_WIN\GZIP_STREAM.OBJ
D:\WORKSPACE\HOUTAI\HOUTAI\TOOLS\RPC_CLIENT_FOR_WIN\HASH.OBJ
D:\WORKSPACE\HOUTAI\HOUTAI\TOOLS\RPC_CLIENT_FOR_WIN\IMPORTER.OBJ
D:\workspace\houtai\houtai\tools\rpc_client_for_win\lib.command.1.tlog
D:\workspace\houtai\houtai\tools\rpc_client_for_win\Lib-link.read.1.tlog
D:\workspace\houtai\houtai\tools\rpc_client_for_win\Lib-link.write.1.tlog
D:\WORKSPACE\HOUTAI\HOUTAI\TOOLS\RPC_CLIENT_FOR_WIN\LIBPROTOBUF.LIB
D:\workspace\houtai\houtai\tools\rpc_client_for_win\libprotobuf_d.idb
D:\WORKSPACE\HOUTAI\HOUTAI\TOOLS\RPC_CLIENT_FOR_WIN\LIBPROTOBUF_D.PDB
D:\WORKSPACE\HOUTAI\HOUTAI\TOOLS\RPC_CLIENT_FOR_WIN\MESSAGE.OBJ
D:\WORKSPACE\HOUTAI\HOUTAI\TOOLS\RPC_CLIENT_FOR_WIN\MESSAGE_LITE.OBJ
D:\WORKSPACE\HOUTAI\HOUTAI\TOOLS\RPC_CLIENT_FOR_WIN\ONCE.OBJ
D:\WORKSPACE\HOUTAI\HOUTAI\TOOLS\RPC_CLIENT_FOR_WIN\PARSER.OBJ
D:\WORKSPACE\HOUTAI\HOUTAI\TOOLS\RPC_CLIENT_FOR_WIN\PRINTER.OBJ
D:\workspace\houtai\houtai\tools\rpc_client_for_win\protobuf\vsprojects\..\..\libprotobuf.lib
D:\WORKSPACE\HOUTAI\HOUTAI\TOOLS\RPC_CLIENT_FOR_WIN\REFLECTION_OPS.OBJ
D:\WORKSPACE\HOUTAI\HOUTAI\TOOLS\RPC_CLIENT_FOR_WIN\REPEATED_FIELD.OBJ
D:\WORKSPACE\HOUTAI\HOUTAI\TOOLS\RPC_CLIENT_FOR_WIN\SERVICE.OBJ
D:\WORKSPACE\HOUTAI\HOUTAI\TOOLS\RPC_CLIENT_FOR_WIN\STRUCTURALLY_VALID.OBJ
D:\WORKSPACE\HOUTAI\HOUTAI\TOOLS\RPC_CLIENT_FOR_WIN\STRUTIL.OBJ
D:\WORKSPACE\HOUTAI\HOUTAI\TOOLS\RPC_CLIENT_FOR_WIN\SUBSTITUTE.OBJ
D:\WORKSPACE\HOUTAI\HOUTAI\TOOLS\RPC_CLIENT_FOR_WIN\TEXT_FORMAT.OBJ
D:\WORKSPACE\HOUTAI\HOUTAI\TOOLS\RPC_CLIENT_FOR_WIN\TOKENIZER.OBJ
D:\WORKSPACE\HOUTAI\HOUTAI\TOOLS\RPC_CLIENT_FOR_WIN\UNKNOWN_FIELD_SET.OBJ
D:\WORKSPACE\HOUTAI\HOUTAI\TOOLS\RPC_CLIENT_FOR_WIN\WIRE_FORMAT.OBJ
D:\WORKSPACE\HOUTAI\HOUTAI\TOOLS\RPC_CLIENT_FOR_WIN\WIRE_FORMAT_LITE.OBJ
D:\WORKSPACE\HOUTAI\HOUTAI\TOOLS\RPC_CLIENT_FOR_WIN\ZERO_COPY_STREAM.OBJ
D:\WORKSPACE\HOUTAI\HOUTAI\TOOLS\RPC_CLIENT_FOR_WIN\ZERO_COPY_STREAM_IMPL.OBJ
D:\WORKSPACE\HOUTAI\HOUTAI\TOOLS\RPC_CLIENT_FOR_WIN\ZERO_COPY_STREAM_IMPL_LITE.OBJ
